======================================================================

Annotating SDF timing data:
  Compiled SDF file:     cdc_fifo_syn.sdf.X
  Log file:              back_annotate.log
  Backannotation scope:  cdc_fifo_syn_tb.DUT
  Configuration file:    
  MTM control:           
  Scale factors:         
  Scale type:            

Time units: 1ns

xmelab: *W,SDFNET: Unable to annotate to non-existent timing check (HOLD RN (posedge CLK) (0.058)) of instance cdc_fifo_syn_tb.DUT.sync_read.\sync_data_reg[3]  of module DFFR_E </home/ead/victor_nin13/ece6213/project7/synthesis/netlists/cdc_fifo_syn.sdf, line 1544>.
xmelab: *W,SDFNET: Unable to annotate to non-existent timing check (HOLD RN (posedge CLK) (0.058)) of instance cdc_fifo_syn_tb.DUT.sync_read.\stage2_reg[0]  of module DFFR_E </home/ead/victor_nin13/ece6213/project7/synthesis/netlists/cdc_fifo_syn.sdf, line 1562>.
xmelab: *W,SDFNET: Unable to annotate to non-existent timing check (HOLD RN (posedge CLK) (0.058)) of instance cdc_fifo_syn_tb.DUT.sync_read.\stage2_reg[1]  of module DFFR_E </home/ead/victor_nin13/ece6213/project7/synthesis/netlists/cdc_fifo_syn.sdf, line 1580>.
xmelab: *W,SDFNET: Unable to annotate to non-existent timing check (HOLD RN (posedge CLK) (0.058)) of instance cdc_fifo_syn_tb.DUT.sync_read.\stage2_reg[2]  of module DFFR_E </home/ead/victor_nin13/ece6213/project7/synthesis/netlists/cdc_fifo_syn.sdf, line 1598>.
xmelab: *W,SDFNET: Unable to annotate to non-existent timing check (HOLD RN (posedge CLK) (0.058)) of instance cdc_fifo_syn_tb.DUT.sync_read.\stage2_reg[3]  of module DFFR_E </home/ead/victor_nin13/ece6213/project7/synthesis/netlists/cdc_fifo_syn.sdf, line 1616>.
xmelab: *W,SDFNET: Unable to annotate to non-existent timing check (HOLD RN (posedge CLK) (0.058)) of instance cdc_fifo_syn_tb.DUT.sync_read.\sync_data_reg[0]  of module DFFR_E </home/ead/victor_nin13/ece6213/project7/synthesis/netlists/cdc_fifo_syn.sdf, line 1634>.
xmelab: *W,SDFNET: Unable to annotate to non-existent timing check (HOLD RN (posedge CLK) (0.058)) of instance cdc_fifo_syn_tb.DUT.sync_read.\sync_data_reg[1]  of module DFFR_E </home/ead/victor_nin13/ece6213/project7/synthesis/netlists/cdc_fifo_syn.sdf, line 1652>.
xmelab: *W,SDFNET: Unable to annotate to non-existent timing check (HOLD RN (posedge CLK) (0.058)) of instance cdc_fifo_syn_tb.DUT.sync_read.\sync_data_reg[2]  of module DFFR_E </home/ead/victor_nin13/ece6213/project7/synthesis/netlists/cdc_fifo_syn.sdf, line 1670>.
xmelab: *W,SDFNET: Unable to annotate to non-existent timing check (HOLD RN (posedge CLK) (0.048)) of instance cdc_fifo_syn_tb.DUT.sync_read.\stage1_reg[0]  of module DFFR_H </home/ead/victor_nin13/ece6213/project7/synthesis/netlists/cdc_fifo_syn.sdf, line 1688>.
xmelab: *W,SDFNET: Unable to annotate to non-existent timing check (HOLD RN (posedge CLK) (0.048)) of instance cdc_fifo_syn_tb.DUT.sync_read.\stage1_reg[1]  of module DFFR_H </home/ead/victor_nin13/ece6213/project7/synthesis/netlists/cdc_fifo_syn.sdf, line 1706>.
xmelab: *W,SDFNET: Unable to annotate to non-existent timing check (HOLD RN (posedge CLK) (0.048)) of instance cdc_fifo_syn_tb.DUT.sync_read.\stage1_reg[2]  of module DFFR_H </home/ead/victor_nin13/ece6213/project7/synthesis/netlists/cdc_fifo_syn.sdf, line 1724>.
xmelab: *W,SDFNET: Unable to annotate to non-existent timing check (HOLD RN (posedge CLK) (0.048)) of instance cdc_fifo_syn_tb.DUT.sync_read.\stage1_reg[3]  of module DFFR_H </home/ead/victor_nin13/ece6213/project7/synthesis/netlists/cdc_fifo_syn.sdf, line 1742>.
xmelab: *W,SDFNET: Unable to annotate to non-existent timing check (HOLD RN (posedge CLK) (0.048)) of instance cdc_fifo_syn_tb.DUT.sync_write.\sync_data_reg[3]  of module DFFR_K </home/ead/victor_nin13/ece6213/project7/synthesis/netlists/cdc_fifo_syn.sdf, line 1805>.
xmelab: *W,SDFNET: Unable to annotate to non-existent timing check (HOLD RN (posedge CLK) (0.058)) of instance cdc_fifo_syn_tb.DUT.sync_write.\stage1_reg[3]  of module DFFR_E </home/ead/victor_nin13/ece6213/project7/synthesis/netlists/cdc_fifo_syn.sdf, line 1823>.
xmelab: *W,SDFNET: Unable to annotate to non-existent timing check (HOLD RN (posedge CLK) (0.058)) of instance cdc_fifo_syn_tb.DUT.sync_write.\stage1_reg[0]  of module DFFR_E </home/ead/victor_nin13/ece6213/project7/synthesis/netlists/cdc_fifo_syn.sdf, line 1841>.
xmelab: *W,SDFNET: Unable to annotate to non-existent timing check (HOLD RN (posedge CLK) (0.058)) of instance cdc_fifo_syn_tb.DUT.sync_write.\stage1_reg[1]  of module DFFR_E </home/ead/victor_nin13/ece6213/project7/synthesis/netlists/cdc_fifo_syn.sdf, line 1859>.
xmelab: *W,SDFNET: Unable to annotate to non-existent timing check (HOLD RN (posedge CLK) (0.058)) of instance cdc_fifo_syn_tb.DUT.sync_write.\stage1_reg[2]  of module DFFR_E </home/ead/victor_nin13/ece6213/project7/synthesis/netlists/cdc_fifo_syn.sdf, line 1877>.
xmelab: *W,SDFNET: Unable to annotate to non-existent timing check (HOLD RN (posedge CLK) (0.048)) of instance cdc_fifo_syn_tb.DUT.sync_write.\sync_data_reg[0]  of module DFFR_H </home/ead/victor_nin13/ece6213/project7/synthesis/netlists/cdc_fifo_syn.sdf, line 1895>.
xmelab: *W,SDFNET: Unable to annotate to non-existent timing check (HOLD RN (posedge CLK) (0.048)) of instance cdc_fifo_syn_tb.DUT.sync_write.\sync_data_reg[1]  of module DFFR_H </home/ead/victor_nin13/ece6213/project7/synthesis/netlists/cdc_fifo_syn.sdf, line 1913>.
xmelab: *W,SDFNET: Unable to annotate to non-existent timing check (HOLD RN (posedge CLK) (0.048)) of instance cdc_fifo_syn_tb.DUT.sync_write.\sync_data_reg[2]  of module DFFR_H </home/ead/victor_nin13/ece6213/project7/synthesis/netlists/cdc_fifo_syn.sdf, line 1931>.
xmelab: *W,SDFNET: Unable to annotate to non-existent timing check (HOLD RN (posedge CLK) (0.048)) of instance cdc_fifo_syn_tb.DUT.sync_write.\stage2_reg[0]  of module DFFR_H </home/ead/victor_nin13/ece6213/project7/synthesis/netlists/cdc_fifo_syn.sdf, line 1949>.
xmelab: *W,SDFNET: Unable to annotate to non-existent timing check (HOLD RN (posedge CLK) (0.048)) of instance cdc_fifo_syn_tb.DUT.sync_write.\stage2_reg[1]  of module DFFR_H </home/ead/victor_nin13/ece6213/project7/synthesis/netlists/cdc_fifo_syn.sdf, line 1967>.
xmelab: *W,SDFNET: Unable to annotate to non-existent timing check (HOLD RN (posedge CLK) (0.048)) of instance cdc_fifo_syn_tb.DUT.sync_write.\stage2_reg[2]  of module DFFR_H </home/ead/victor_nin13/ece6213/project7/synthesis/netlists/cdc_fifo_syn.sdf, line 1985>.
xmelab: *W,SDFNET: Unable to annotate to non-existent timing check (HOLD RN (posedge CLK) (0.048)) of instance cdc_fifo_syn_tb.DUT.sync_write.\stage2_reg[3]  of module DFFR_H </home/ead/victor_nin13/ece6213/project7/synthesis/netlists/cdc_fifo_syn.sdf, line 2003>.
xmelab: *W,SDFNET: Unable to annotate to non-existent timing check (HOLD RN (posedge CLK) (0.058)) of instance cdc_fifo_syn_tb.DUT.rctrl.\read_addr_reg[0]  of module DFFR_E </home/ead/victor_nin13/ece6213/project7/synthesis/netlists/cdc_fifo_syn.sdf, line 2498>.
xmelab: *W,SDFNET: Unable to annotate to non-existent timing check (HOLD RN (posedge CLK) (0.058)) of instance cdc_fifo_syn_tb.DUT.rctrl.\read_addr_reg[1]  of module DFFR_E </home/ead/victor_nin13/ece6213/project7/synthesis/netlists/cdc_fifo_syn.sdf, line 2516>.
xmelab: *W,SDFNET: Unable to annotate to non-existent timing check (HOLD RN (posedge CLK) (0.058)) of instance cdc_fifo_syn_tb.DUT.rctrl.\read_addr_reg[2]  of module DFFR_E </home/ead/victor_nin13/ece6213/project7/synthesis/netlists/cdc_fifo_syn.sdf, line 2534>.
xmelab: *W,SDFNET: Unable to annotate to non-existent timing check (HOLD RN (posedge CLK) (0.058)) of instance cdc_fifo_syn_tb.DUT.rctrl.\read_addr_reg[3]  of module DFFR_E </home/ead/victor_nin13/ece6213/project7/synthesis/netlists/cdc_fifo_syn.sdf, line 2552>.
xmelab: *W,SDFNET: Unable to annotate to non-existent timing check (HOLD S (posedge CLK) (-0.007)) of instance cdc_fifo_syn_tb.DUT.rctrl.fifo_empty_reg of module DFFS_E </home/ead/victor_nin13/ece6213/project7/synthesis/netlists/cdc_fifo_syn.sdf, line 2602>.
xmelab: *W,SDFNET: Unable to annotate to non-existent timing check (HOLD RN (posedge CLK) (0.048)) of instance cdc_fifo_syn_tb.DUT.wctrl.\write_addr_reg[3]  of module DFFR_K </home/ead/victor_nin13/ece6213/project7/synthesis/netlists/cdc_fifo_syn.sdf, line 3021>.
xmelab: *W,SDFNET: Unable to annotate to non-existent timing check (HOLD RN (posedge CLK) (0.048)) of instance cdc_fifo_syn_tb.DUT.wctrl.\write_addr_reg[2]  of module DFFR_K </home/ead/victor_nin13/ece6213/project7/synthesis/netlists/cdc_fifo_syn.sdf, line 3039>.
xmelab: *W,SDFNET: Unable to annotate to non-existent timing check (HOLD RN (posedge CLK) (0.048)) of instance cdc_fifo_syn_tb.DUT.wctrl.\write_addr_reg[0]  of module DFFR_K </home/ead/victor_nin13/ece6213/project7/synthesis/netlists/cdc_fifo_syn.sdf, line 3057>.
xmelab: *W,SDFNET: Unable to annotate to non-existent timing check (HOLD RN (posedge CLK) (0.048)) of instance cdc_fifo_syn_tb.DUT.wctrl.fifo_full_reg of module DFFR_K </home/ead/victor_nin13/ece6213/project7/synthesis/netlists/cdc_fifo_syn.sdf, line 3075>.
xmelab: *W,SDFNET: Unable to annotate to non-existent timing check (HOLD RN (posedge CLK) (0.048)) of instance cdc_fifo_syn_tb.DUT.wctrl.\write_addr_reg[1]  of module DFFR_K </home/ead/victor_nin13/ece6213/project7/synthesis/netlists/cdc_fifo_syn.sdf, line 3093>.
xmelab: *W,SDFNET: Unable to annotate to non-existent timing check (HOLD RN (posedge CLK) (0.047)) of instance cdc_fifo_syn_tb.DUT.mem.\fifo_data_reg[5][1]  of module DFFR_H </home/ead/victor_nin13/ece6213/project7/synthesis/netlists/cdc_fifo_syn.sdf, line 6819>.
xmelab: *W,SDFNET: Unable to annotate to non-existent timing check (HOLD RN (posedge CLK) (0.047)) of instance cdc_fifo_syn_tb.DUT.mem.\fifo_data_reg[3][1]  of module DFFR_H </home/ead/victor_nin13/ece6213/project7/synthesis/netlists/cdc_fifo_syn.sdf, line 6837>.
xmelab: *W,SDFNET: Unable to annotate to non-existent timing check (HOLD RN (posedge CLK) (0.047)) of instance cdc_fifo_syn_tb.DUT.mem.\fifo_data_reg[1][1]  of module DFFR_H </home/ead/victor_nin13/ece6213/project7/synthesis/netlists/cdc_fifo_syn.sdf, line 6855>.
xmelab: *W,SDFNET: Unable to annotate to non-existent timing check (HOLD RN (posedge CLK) (0.047)) of instance cdc_fifo_syn_tb.DUT.mem.\fifo_data_reg[5][3]  of module DFFR_H </home/ead/victor_nin13/ece6213/project7/synthesis/netlists/cdc_fifo_syn.sdf, line 6873>.
xmelab: *W,SDFNET: Unable to annotate to non-existent timing check (HOLD RN (posedge CLK) (0.047)) of instance cdc_fifo_syn_tb.DUT.mem.\fifo_data_reg[3][3]  of module DFFR_H </home/ead/victor_nin13/ece6213/project7/synthesis/netlists/cdc_fifo_syn.sdf, line 6891>.
xmelab: *W,SDFNET: Unable to annotate to non-existent timing check (HOLD RN (posedge CLK) (0.047)) of instance cdc_fifo_syn_tb.DUT.mem.\fifo_data_reg[1][3]  of module DFFR_H </home/ead/victor_nin13/ece6213/project7/synthesis/netlists/cdc_fifo_syn.sdf, line 6909>.
xmelab: *W,SDFNET: Unable to annotate to non-existent timing check (HOLD RN (posedge CLK) (0.047)) of instance cdc_fifo_syn_tb.DUT.mem.\fifo_data_reg[5][5]  of module DFFR_H </home/ead/victor_nin13/ece6213/project7/synthesis/netlists/cdc_fifo_syn.sdf, line 6927>.
xmelab: *W,SDFNET: Unable to annotate to non-existent timing check (HOLD RN (posedge CLK) (0.047)) of instance cdc_fifo_syn_tb.DUT.mem.\fifo_data_reg[3][5]  of module DFFR_H </home/ead/victor_nin13/ece6213/project7/synthesis/netlists/cdc_fifo_syn.sdf, line 6945>.
xmelab: *W,SDFNET: Unable to annotate to non-existent timing check (HOLD RN (posedge CLK) (0.047)) of instance cdc_fifo_syn_tb.DUT.mem.\fifo_data_reg[1][5]  of module DFFR_H </home/ead/victor_nin13/ece6213/project7/synthesis/netlists/cdc_fifo_syn.sdf, line 6963>.
xmelab: *W,SDFNET: Unable to annotate to non-existent timing check (HOLD RN (posedge CLK) (0.047)) of instance cdc_fifo_syn_tb.DUT.mem.\fifo_data_reg[6][2]  of module DFFR_H </home/ead/victor_nin13/ece6213/project7/synthesis/netlists/cdc_fifo_syn.sdf, line 6981>.
xmelab: *W,SDFNET: Unable to annotate to non-existent timing check (HOLD RN (posedge CLK) (0.047)) of instance cdc_fifo_syn_tb.DUT.mem.\fifo_data_reg[4][2]  of module DFFR_H </home/ead/victor_nin13/ece6213/project7/synthesis/netlists/cdc_fifo_syn.sdf, line 6999>.
xmelab: *W,SDFNET: Unable to annotate to non-existent timing check (HOLD RN (posedge CLK) (0.047)) of instance cdc_fifo_syn_tb.DUT.mem.\fifo_data_reg[2][2]  of module DFFR_H </home/ead/victor_nin13/ece6213/project7/synthesis/netlists/cdc_fifo_syn.sdf, line 7017>.
xmelab: *W,SDFNET: Unable to annotate to non-existent timing check (HOLD RN (posedge CLK) (0.047)) of instance cdc_fifo_syn_tb.DUT.mem.\fifo_data_reg[0][2]  of module DFFR_H </home/ead/victor_nin13/ece6213/project7/synthesis/netlists/cdc_fifo_syn.sdf, line 7035>.
xmelab: *W,SDFNET: Unable to annotate to non-existent timing check (HOLD RN (posedge CLK) (0.047)) of instance cdc_fifo_syn_tb.DUT.mem.\fifo_data_reg[6][6]  of module DFFR_H </home/ead/victor_nin13/ece6213/project7/synthesis/netlists/cdc_fifo_syn.sdf, line 7053>.
xmelab: *W,SDFNET: Unable to annotate to non-existent timing check (HOLD RN (posedge CLK) (0.047)) of instance cdc_fifo_syn_tb.DUT.mem.\fifo_data_reg[4][6]  of module DFFR_H </home/ead/victor_nin13/ece6213/project7/synthesis/netlists/cdc_fifo_syn.sdf, line 7071>.
xmelab: *W,SDFNET: Unable to annotate to non-existent timing check (HOLD RN (posedge CLK) (0.047)) of instance cdc_fifo_syn_tb.DUT.mem.\fifo_data_reg[2][6]  of module DFFR_H </home/ead/victor_nin13/ece6213/project7/synthesis/netlists/cdc_fifo_syn.sdf, line 7089>.
xmelab: *W,SDFNET: Unable to annotate to non-existent timing check (HOLD RN (posedge CLK) (0.048)) of instance cdc_fifo_syn_tb.DUT.mem.\fifo_data_reg[0][6]  of module DFFR_H </home/ead/victor_nin13/ece6213/project7/synthesis/netlists/cdc_fifo_syn.sdf, line 7107>.
xmelab: *W,SDFNET: Unable to annotate to non-existent timing check (HOLD RN (posedge CLK) (0.047)) of instance cdc_fifo_syn_tb.DUT.mem.\fifo_data_reg[6][1]  of module DFFR_H </home/ead/victor_nin13/ece6213/project7/synthesis/netlists/cdc_fifo_syn.sdf, line 7125>.
xmelab: *W,SDFNET: Unable to annotate to non-existent timing check (HOLD RN (posedge CLK) (0.047)) of instance cdc_fifo_syn_tb.DUT.mem.\fifo_data_reg[4][1]  of module DFFR_H </home/ead/victor_nin13/ece6213/project7/synthesis/netlists/cdc_fifo_syn.sdf, line 7143>.
xmelab: *W,SDFNET: Unable to annotate to non-existent timing check (HOLD RN (posedge CLK) (0.047)) of instance cdc_fifo_syn_tb.DUT.mem.\fifo_data_reg[2][1]  of module DFFR_H </home/ead/victor_nin13/ece6213/project7/synthesis/netlists/cdc_fifo_syn.sdf, line 7161>.
xmelab: *W,SDFNET: Unable to annotate to non-existent timing check (HOLD RN (posedge CLK) (0.047)) of instance cdc_fifo_syn_tb.DUT.mem.\fifo_data_reg[0][1]  of module DFFR_H </home/ead/victor_nin13/ece6213/project7/synthesis/netlists/cdc_fifo_syn.sdf, line 7179>.
xmelab: *W,SDFNET: Unable to annotate to non-existent timing check (HOLD RN (posedge CLK) (0.047)) of instance cdc_fifo_syn_tb.DUT.mem.\fifo_data_reg[5][4]  of module DFFR_H </home/ead/victor_nin13/ece6213/project7/synthesis/netlists/cdc_fifo_syn.sdf, line 7197>.
xmelab: *W,SDFNET: Unable to annotate to non-existent timing check (HOLD RN (posedge CLK) (0.047)) of instance cdc_fifo_syn_tb.DUT.mem.\fifo_data_reg[3][4]  of module DFFR_H </home/ead/victor_nin13/ece6213/project7/synthesis/netlists/cdc_fifo_syn.sdf, line 7215>.
xmelab: *W,SDFNET: Unable to annotate to non-existent timing check (HOLD RN (posedge CLK) (0.047)) of instance cdc_fifo_syn_tb.DUT.mem.\fifo_data_reg[1][4]  of module DFFR_H </home/ead/victor_nin13/ece6213/project7/synthesis/netlists/cdc_fifo_syn.sdf, line 7233>.
xmelab: *W,SDFNET: Unable to annotate to non-existent timing check (HOLD RN (posedge CLK) (0.047)) of instance cdc_fifo_syn_tb.DUT.mem.\fifo_data_reg[5][7]  of module DFFR_H </home/ead/victor_nin13/ece6213/project7/synthesis/netlists/cdc_fifo_syn.sdf, line 7251>.
xmelab: *W,SDFNET: Unable to annotate to non-existent timing check (HOLD RN (posedge CLK) (0.047)) of instance cdc_fifo_syn_tb.DUT.mem.\fifo_data_reg[3][7]  of module DFFR_H </home/ead/victor_nin13/ece6213/project7/synthesis/netlists/cdc_fifo_syn.sdf, line 7269>.
xmelab: *W,SDFNET: Unable to annotate to non-existent timing check (HOLD RN (posedge CLK) (0.047)) of instance cdc_fifo_syn_tb.DUT.mem.\fifo_data_reg[1][7]  of module DFFR_H </home/ead/victor_nin13/ece6213/project7/synthesis/netlists/cdc_fifo_syn.sdf, line 7287>.
xmelab: *W,SDFNET: Unable to annotate to non-existent timing check (HOLD RN (posedge CLK) (0.047)) of instance cdc_fifo_syn_tb.DUT.mem.\fifo_data_reg[6][4]  of module DFFR_H </home/ead/victor_nin13/ece6213/project7/synthesis/netlists/cdc_fifo_syn.sdf, line 7305>.
xmelab: *W,SDFNET: Unable to annotate to non-existent timing check (HOLD RN (posedge CLK) (0.047)) of instance cdc_fifo_syn_tb.DUT.mem.\fifo_data_reg[4][4]  of module DFFR_H </home/ead/victor_nin13/ece6213/project7/synthesis/netlists/cdc_fifo_syn.sdf, line 7323>.
xmelab: *W,SDFNET: Unable to annotate to non-existent timing check (HOLD RN (posedge CLK) (0.047)) of instance cdc_fifo_syn_tb.DUT.mem.\fifo_data_reg[2][4]  of module DFFR_H </home/ead/victor_nin13/ece6213/project7/synthesis/netlists/cdc_fifo_syn.sdf, line 7341>.
xmelab: *W,SDFNET: Unable to annotate to non-existent timing check (HOLD RN (posedge CLK) (0.047)) of instance cdc_fifo_syn_tb.DUT.mem.\fifo_data_reg[0][4]  of module DFFR_H </home/ead/victor_nin13/ece6213/project7/synthesis/netlists/cdc_fifo_syn.sdf, line 7359>.
xmelab: *W,SDFNET: Unable to annotate to non-existent timing check (HOLD RN (posedge CLK) (0.047)) of instance cdc_fifo_syn_tb.DUT.mem.\fifo_data_reg[3][0]  of module DFFR_H </home/ead/victor_nin13/ece6213/project7/synthesis/netlists/cdc_fifo_syn.sdf, line 7377>.
xmelab: *W,SDFNET: Unable to annotate to non-existent timing check (HOLD RN (posedge CLK) (0.047)) of instance cdc_fifo_syn_tb.DUT.mem.\fifo_data_reg[2][7]  of module DFFR_H </home/ead/victor_nin13/ece6213/project7/synthesis/netlists/cdc_fifo_syn.sdf, line 7395>.
xmelab: *W,SDFNET: Unable to annotate to non-existent timing check (HOLD RN (posedge CLK) (0.047)) of instance cdc_fifo_syn_tb.DUT.mem.\fifo_data_reg[2][3]  of module DFFR_H </home/ead/victor_nin13/ece6213/project7/synthesis/netlists/cdc_fifo_syn.sdf, line 7413>.
xmelab: *W,SDFNET: Unable to annotate to non-existent timing check (HOLD RN (posedge CLK) (0.047)) of instance cdc_fifo_syn_tb.DUT.mem.\fifo_data_reg[4][7]  of module DFFR_H </home/ead/victor_nin13/ece6213/project7/synthesis/netlists/cdc_fifo_syn.sdf, line 7431>.
xmelab: *W,SDFNET: Unable to annotate to non-existent timing check (HOLD RN (posedge CLK) (0.047)) of instance cdc_fifo_syn_tb.DUT.mem.\fifo_data_reg[4][5]  of module DFFR_H </home/ead/victor_nin13/ece6213/project7/synthesis/netlists/cdc_fifo_syn.sdf, line 7449>.
xmelab: *W,SDFNET: Unable to annotate to non-existent timing check (HOLD RN (posedge CLK) (0.053)) of instance cdc_fifo_syn_tb.DUT.mem.\fifo_data_reg[6][7]  of module DFFR_E </home/ead/victor_nin13/ece6213/project7/synthesis/netlists/cdc_fifo_syn.sdf, line 7467>.
xmelab: *W,SDFNET: Unable to annotate to non-existent timing check (HOLD RN (posedge CLK) (0.059)) of instance cdc_fifo_syn_tb.DUT.mem.\read_data_reg[2]  of module DFFR_E </home/ead/victor_nin13/ece6213/project7/synthesis/netlists/cdc_fifo_syn.sdf, line 7485>.
xmelab: *W,SDFNET: Unable to annotate to non-existent timing check (HOLD RN (posedge CLK) (0.059)) of instance cdc_fifo_syn_tb.DUT.mem.\read_data_reg[6]  of module DFFR_E </home/ead/victor_nin13/ece6213/project7/synthesis/netlists/cdc_fifo_syn.sdf, line 7503>.
xmelab: *W,SDFNET: Unable to annotate to non-existent timing check (HOLD RN (posedge CLK) (0.059)) of instance cdc_fifo_syn_tb.DUT.mem.\read_data_reg[4]  of module DFFR_E </home/ead/victor_nin13/ece6213/project7/synthesis/netlists/cdc_fifo_syn.sdf, line 7521>.
xmelab: *W,SDFNET: Unable to annotate to non-existent timing check (HOLD RN (posedge CLK) (0.059)) of instance cdc_fifo_syn_tb.DUT.mem.\read_data_reg[1]  of module DFFR_E </home/ead/victor_nin13/ece6213/project7/synthesis/netlists/cdc_fifo_syn.sdf, line 7539>.
xmelab: *W,SDFNET: Unable to annotate to non-existent timing check (HOLD RN (posedge CLK) (0.059)) of instance cdc_fifo_syn_tb.DUT.mem.\read_data_reg[7]  of module DFFR_E </home/ead/victor_nin13/ece6213/project7/synthesis/netlists/cdc_fifo_syn.sdf, line 7557>.
xmelab: *W,SDFNET: Unable to annotate to non-existent timing check (HOLD RN (posedge CLK) (0.059)) of instance cdc_fifo_syn_tb.DUT.mem.\read_data_reg[0]  of module DFFR_E </home/ead/victor_nin13/ece6213/project7/synthesis/netlists/cdc_fifo_syn.sdf, line 7575>.
xmelab: *W,SDFNET: Unable to annotate to non-existent timing check (HOLD RN (posedge CLK) (0.059)) of instance cdc_fifo_syn_tb.DUT.mem.\read_data_reg[3]  of module DFFR_E </home/ead/victor_nin13/ece6213/project7/synthesis/netlists/cdc_fifo_syn.sdf, line 7593>.
xmelab: *W,SDFNET: Unable to annotate to non-existent timing check (HOLD RN (posedge CLK) (0.059)) of instance cdc_fifo_syn_tb.DUT.mem.\read_data_reg[5]  of module DFFR_E </home/ead/victor_nin13/ece6213/project7/synthesis/netlists/cdc_fifo_syn.sdf, line 7611>.
xmelab: *W,SDFNET: Unable to annotate to non-existent timing check (HOLD RN (posedge CLK) (0.047)) of instance cdc_fifo_syn_tb.DUT.mem.\fifo_data_reg[3][2]  of module DFFR_K </home/ead/victor_nin13/ece6213/project7/synthesis/netlists/cdc_fifo_syn.sdf, line 7638>.
xmelab: *W,SDFNET: Unable to annotate to non-existent timing check (HOLD RN (posedge CLK) (0.047)) of instance cdc_fifo_syn_tb.DUT.mem.\fifo_data_reg[1][2]  of module DFFR_K </home/ead/victor_nin13/ece6213/project7/synthesis/netlists/cdc_fifo_syn.sdf, line 7656>.
xmelab: *W,SDFNET: Unable to annotate to non-existent timing check (HOLD RN (posedge CLK) (0.047)) of instance cdc_fifo_syn_tb.DUT.mem.\fifo_data_reg[6][3]  of module DFFR_K </home/ead/victor_nin13/ece6213/project7/synthesis/netlists/cdc_fifo_syn.sdf, line 7674>.
xmelab: *W,SDFNET: Unable to annotate to non-existent timing check (HOLD RN (posedge CLK) (0.047)) of instance cdc_fifo_syn_tb.DUT.mem.\fifo_data_reg[6][5]  of module DFFR_K </home/ead/victor_nin13/ece6213/project7/synthesis/netlists/cdc_fifo_syn.sdf, line 7692>.
xmelab: *W,SDFNET: Unable to annotate to non-existent timing check (HOLD RN (posedge CLK) (0.048)) of instance cdc_fifo_syn_tb.DUT.mem.\fifo_data_reg[2][0]  of module DFFR_K </home/ead/victor_nin13/ece6213/project7/synthesis/netlists/cdc_fifo_syn.sdf, line 7710>.
xmelab: *W,SDFNET: Unable to annotate to non-existent timing check (HOLD RN (posedge CLK) (0.048)) of instance cdc_fifo_syn_tb.DUT.mem.\fifo_data_reg[6][0]  of module DFFR_K </home/ead/victor_nin13/ece6213/project7/synthesis/netlists/cdc_fifo_syn.sdf, line 7728>.
xmelab: *W,SDFNET: Unable to annotate to non-existent timing check (HOLD RN (posedge CLK) (0.047)) of instance cdc_fifo_syn_tb.DUT.mem.\fifo_data_reg[0][7]  of module DFFR_K </home/ead/victor_nin13/ece6213/project7/synthesis/netlists/cdc_fifo_syn.sdf, line 7746>.
xmelab: *W,SDFNET: Unable to annotate to non-existent timing check (HOLD RN (posedge CLK) (0.047)) of instance cdc_fifo_syn_tb.DUT.mem.\fifo_data_reg[0][0]  of module DFFR_K </home/ead/victor_nin13/ece6213/project7/synthesis/netlists/cdc_fifo_syn.sdf, line 7764>.
xmelab: *W,SDFNET: Unable to annotate to non-existent timing check (HOLD RN (posedge CLK) (0.047)) of instance cdc_fifo_syn_tb.DUT.mem.\fifo_data_reg[0][3]  of module DFFR_K </home/ead/victor_nin13/ece6213/project7/synthesis/netlists/cdc_fifo_syn.sdf, line 7782>.
xmelab: *W,SDFNET: Unable to annotate to non-existent timing check (HOLD RN (posedge CLK) (0.047)) of instance cdc_fifo_syn_tb.DUT.mem.\fifo_data_reg[0][5]  of module DFFR_K </home/ead/victor_nin13/ece6213/project7/synthesis/netlists/cdc_fifo_syn.sdf, line 7800>.
xmelab: *W,SDFNET: Unable to annotate to non-existent timing check (HOLD RN (posedge CLK) (0.047)) of instance cdc_fifo_syn_tb.DUT.mem.\fifo_data_reg[5][2]  of module DFFR_K </home/ead/victor_nin13/ece6213/project7/synthesis/netlists/cdc_fifo_syn.sdf, line 7818>.
xmelab: *W,SDFNET: Unable to annotate to non-existent timing check (HOLD RN (posedge CLK) (0.047)) of instance cdc_fifo_syn_tb.DUT.mem.\fifo_data_reg[5][6]  of module DFFR_K </home/ead/victor_nin13/ece6213/project7/synthesis/netlists/cdc_fifo_syn.sdf, line 7836>.
xmelab: *W,SDFNET: Unable to annotate to non-existent timing check (HOLD RN (posedge CLK) (0.047)) of instance cdc_fifo_syn_tb.DUT.mem.\fifo_data_reg[4][3]  of module DFFR_K </home/ead/victor_nin13/ece6213/project7/synthesis/netlists/cdc_fifo_syn.sdf, line 7854>.
xmelab: *W,SDFNET: Unable to annotate to non-existent timing check (HOLD RN (posedge CLK) (0.047)) of instance cdc_fifo_syn_tb.DUT.mem.\fifo_data_reg[3][6]  of module DFFR_K </home/ead/victor_nin13/ece6213/project7/synthesis/netlists/cdc_fifo_syn.sdf, line 7872>.
xmelab: *W,SDFNET: Unable to annotate to non-existent timing check (HOLD RN (posedge CLK) (0.047)) of instance cdc_fifo_syn_tb.DUT.mem.\fifo_data_reg[1][6]  of module DFFR_K </home/ead/victor_nin13/ece6213/project7/synthesis/netlists/cdc_fifo_syn.sdf, line 7890>.
xmelab: *W,SDFNET: Unable to annotate to non-existent timing check (HOLD RN (posedge CLK) (0.047)) of instance cdc_fifo_syn_tb.DUT.mem.\fifo_data_reg[5][0]  of module DFFR_K </home/ead/victor_nin13/ece6213/project7/synthesis/netlists/cdc_fifo_syn.sdf, line 7908>.
xmelab: *W,SDFNET: Unable to annotate to non-existent timing check (HOLD RN (posedge CLK) (0.047)) of instance cdc_fifo_syn_tb.DUT.mem.\fifo_data_reg[1][0]  of module DFFR_K </home/ead/victor_nin13/ece6213/project7/synthesis/netlists/cdc_fifo_syn.sdf, line 7926>.
xmelab: *W,SDFNET: Unable to annotate to non-existent timing check (HOLD RN (posedge CLK) (0.047)) of instance cdc_fifo_syn_tb.DUT.mem.\fifo_data_reg[4][0]  of module DFFR_K </home/ead/victor_nin13/ece6213/project7/synthesis/netlists/cdc_fifo_syn.sdf, line 7944>.
xmelab: *W,SDFNET: Unable to annotate to non-existent timing check (HOLD RN (posedge CLK) (0.047)) of instance cdc_fifo_syn_tb.DUT.mem.\fifo_data_reg[2][5]  of module DFFR_K </home/ead/victor_nin13/ece6213/project7/synthesis/netlists/cdc_fifo_syn.sdf, line 8074>.
  assign write_addr_gray[3] = \write_addr[3] ;
       |
xmelab: *W,SDFNCAP (/home/ead/victor_nin13/ece6213/project7/synthesis/netlists/cdc_fifo_syn.v,625|7): The interconnect source cdc_fifo_syn_tb.DUT.wctrl.U31.Z is separated by a unidirectional continuous assign from the destination cdc_fifo_syn_tb.DUT.sync_read.\stage1_reg[3] .D.  The port annotation will still occur.
  assign read_addr_gray[3] = \read_addr_gray[3] ;
       |
xmelab: *W,SDFNCAP (/home/ead/victor_nin13/ece6213/project7/synthesis/netlists/cdc_fifo_syn.v,697|7): The interconnect source cdc_fifo_syn_tb.DUT.rctrl.\read_addr_reg[3] .Q is separated by a unidirectional continuous assign from the destination cdc_fifo_syn_tb.DUT.sync_write.\stage1_reg[3] .D.  The port annotation will still occur.
