 
****************************************
Report : area
Design : cdc_fifo
Version: O-2018.06-SP1
Date   : Sun Nov 10 21:04:13 2024
****************************************

Library(s) Used:

    IBM_CMOS8HP_SS125 (File: /apps/design_kits/ibm_kits/IBM_IP/ibm_cmos8hp/std_cell/sc/v.20110613/synopsys/ss_125/IBM_CMOS8HP_SS125.db)

Number of ports:                          112
Number of nets:                           759
Number of cells:                          615
Number of combinational cells:            504
Number of sequential cells:               106
Number of macros/black boxes:               0
Number of buf/inv:                        302
Number of references:                      10

Combinational area:               6224.640079
Buf/Inv area:                     3177.600061
Noncombinational area:            4794.240093
Macro/Black Box area:                0.000000
Net Interconnect area:      undefined  (Wire load has zero net area)

Total cell area:                 11018.880173
Total area:                 undefined

Hierarchical area distribution
------------------------------

                                  Global cell area           Local cell area
                                  -------------------  ---------------------------- 
Hierarchical cell                 Absolute    Percent  Combi-     Noncombi-  Black-
                                  Total       Total    national   national   boxes   Design
--------------------------------  ----------  -------  ---------  ---------  ------  -------------------
cdc_fifo                          11018.8802    100.0   280.3200     0.0000  0.0000  cdc_fifo
mem                                8044.8001     73.0  4734.7201  3310.0801  0.0000  fifo_memory
rctrl                               769.9200      7.0   568.3200   201.6000  0.0000  read_control_logic
sync_read                           537.6000      4.9    46.0800   491.5200  0.0000  flip_flop_synch_0
sync_write                          564.4800      5.1    51.8400   512.6400  0.0000  flip_flop_synch_1
wctrl                               821.7600      7.5   543.3600   278.4000  0.0000  write_control_logic
--------------------------------  ----------  -------  ---------  ---------  ------  -------------------
Total                                                  6224.6401  4794.2401  0.0000

1
